<?xml version="1.0" encoding="UTF-8"?>
<testng-results ignored="0" total="1" passed="1" failed="0" skipped="0">
  <reporter-output>
  </reporter-output>
  <suite started-at="2021-11-02T22:30:51 IST" name="Default suite" finished-at="2021-11-02T22:31:04 IST" duration-ms="12991">
    <groups>
    </groups>
    <test started-at="2021-11-02T22:30:51 IST" name="Default test" finished-at="2021-11-02T22:31:04 IST" duration-ms="12991">
      <class name="com.demoTestCases.demo">
        <test-method signature="sample()[pri:0, instance:com.demoTestCases.demo@1cbbffcd]" started-at="2021-11-02T22:30:51 IST" name="sample" finished-at="2021-11-02T22:31:04 IST" duration-ms="12701" status="PASS">
          <reporter-output>
          </reporter-output>
        </test-method> <!-- sample -->
      </class> <!-- com.demoTestCases.demo -->
    </test> <!-- Default test -->
  </suite> <!-- Default suite -->
</testng-results>
